Traceback (most recent call last):
  File "C:\Users\Kenpo\OneDrive\Documents\GitHub\Transcriber\transcriber\__main__.py", line 459, in run_whisperx_logged
    return run_whisperx_module(argv)
  File "C:\Users\Kenpo\OneDrive\Documents\GitHub\Transcriber\transcriber\__main__.py", line 441, in run_whisperx_module
    runpy.run_module("whisperx", run_name="__main__")
  File "C:\Users\Kenpo\AppData\Local\Programs\Python\Python310\lib\runpy.py", line 227, in run_module
    return _run_code(code, {}, init_globals, run_name, mod_spec)
  File "C:\Users\Kenpo\AppData\Local\Programs\Python\Python310\lib\runpy.py", line 86, in _run_code
    exec(code, run_globals)
  File "C:\Users\Kenpo\.venv\lib\site-packages\whisperx\__main__.py", line 102, in <module>
    cli()
  File "C:\Users\Kenpo\.venv\lib\site-packages\whisperx\__main__.py", line 96, in cli
    from whisperx.transcribe import transcribe_task
  File "C:\Users\Kenpo\.venv\lib\site-packages\whisperx\transcribe.py", line 10, in <module>
    from whisperx.asr import load_model
  File "C:\Users\Kenpo\.venv\lib\site-packages\whisperx\asr.py", line 16, in <module>
    from whisperx.vads import Vad, Silero, Pyannote
  File "C:\Users\Kenpo\.venv\lib\site-packages\whisperx\vads\__init__.py", line 1, in <module>
    from whisperx.vads.pyannote import Pyannote as Pyannote
  File "C:\Users\Kenpo\.venv\lib\site-packages\whisperx\vads\pyannote.py", line 7, in <module>
    from pyannote.audio import Model
  File "C:\Users\Kenpo\.venv\lib\site-packages\pyannote\audio\__init__.py", line 29, in <module>
    from .core.inference import Inference
  File "C:\Users\Kenpo\.venv\lib\site-packages\pyannote\audio\core\inference.py", line 33, in <module>
    from pytorch_lightning.utilities.memory import is_oom_error
  File "C:\Users\Kenpo\.venv\lib\site-packages\pytorch_lightning\__init__.py", line 25, in <module>
    from lightning_fabric.utilities.seed import seed_everything  # noqa: E402
  File "C:\Users\Kenpo\.venv\lib\site-packages\lightning_fabric\__init__.py", line 35, in <module>
    from lightning_fabric.fabric import Fabric  # noqa: E402
  File "C:\Users\Kenpo\.venv\lib\site-packages\lightning_fabric\fabric.py", line 39, in <module>
    from lightning_fabric.accelerators.accelerator import Accelerator
  File "C:\Users\Kenpo\.venv\lib\site-packages\lightning_fabric\accelerators\__init__.py", line 15, in <module>
    from lightning_fabric.accelerators.accelerator import Accelerator
  File "C:\Users\Kenpo\.venv\lib\site-packages\lightning_fabric\accelerators\accelerator.py", line 19, in <module>
    from lightning_fabric.accelerators.registry import _AcceleratorRegistry
  File "C:\Users\Kenpo\.venv\lib\site-packages\lightning_fabric\accelerators\registry.py", line 18, in <module>
    from lightning_fabric.utilities.exceptions import MisconfigurationException
  File "C:\Users\Kenpo\.venv\lib\site-packages\lightning_fabric\utilities\__init__.py", line 16, in <module>
    from lightning_fabric.utilities.apply_func import move_data_to_device
  File "C:\Users\Kenpo\.venv\lib\site-packages\lightning_fabric\utilities\apply_func.py", line 24, in <module>
    from lightning_fabric.utilities.imports import _NUMPY_AVAILABLE
  File "C:\Users\Kenpo\.venv\lib\site-packages\lightning_fabric\utilities\imports.py", line 41, in <module>
    _TORCHMETRICS_GREATER_EQUAL_1_0_0 = compare_version("torchmetrics", operator.ge, "1.0.0")
  File "C:\Users\Kenpo\.venv\lib\site-packages\lightning_utilities\core\imports.py", line 78, in compare_version
    pkg = importlib.import_module(package)
  File "C:\Users\Kenpo\AppData\Local\Programs\Python\Python310\lib\importlib\__init__.py", line 126, in import_module
    return _bootstrap._gcd_import(name[level:], package, level)
  File "C:\Users\Kenpo\.venv\lib\site-packages\torchmetrics\__init__.py", line 37, in <module>
    from torchmetrics import functional  # noqa: E402
  File "C:\Users\Kenpo\.venv\lib\site-packages\torchmetrics\functional\__init__.py", line 129, in <module>
    from torchmetrics.functional.text._deprecated import _bleu_score as bleu_score
  File "C:\Users\Kenpo\.venv\lib\site-packages\torchmetrics\functional\text\__init__.py", line 23, in <module>
    from torchmetrics.functional.text.sacre_bleu import sacre_bleu_score
  File "C:\Users\Kenpo\.venv\lib\site-packages\torchmetrics\functional\text\sacre_bleu.py", line 91, in <module>
    _FLORES_LOCAL_DIR = os.path.join(tempfile.gettempdir(), "torchmetrics-flores")
  File "C:\Users\Kenpo\AppData\Local\Programs\Python\Python310\lib\tempfile.py", line 299, in gettempdir
    return _os.fsdecode(_gettempdir())
  File "C:\Users\Kenpo\AppData\Local\Programs\Python\Python310\lib\tempfile.py", line 292, in _gettempdir
    tempdir = _get_default_tempdir()
  File "C:\Users\Kenpo\AppData\Local\Programs\Python\Python310\lib\tempfile.py", line 223, in _get_default_tempdir
    raise FileNotFoundError(_errno.ENOENT,
FileNotFoundError: [Errno 2] No usable temporary directory found in ['c:\\Users\\Kenpo\\OneDrive\\Documents\\GitHub\\Transcriber', 'c:\\Users\\Kenpo\\OneDrive\\Documents\\GitHub\\Transcriber', 'C:\\Users\\Kenpo\\AppData\\Local\\Temp', 'C:\\WINDOWS\\Temp', 'c:\\temp', 'c:\\tmp', '\\temp', '\\tmp', 'C:\\Users\\Kenpo\\OneDrive\\Documents\\GitHub\\Transcriber']
